c:\users\ademd\desktop\martysama0134-s3llsrcallv4.9-d082ead69d94\srcs\extern\cryptopp\wın32\cryptlıb\release\cryptlıb-release.pch
c:\users\ademd\desktop\martysama0134-s3llsrcallv4.9-d082ead69d94\srcs\extern\cryptopp\wın32\cryptlıb\release\cryptlıb.pdb
c:\users\ademd\desktop\martysama0134-s3llsrcallv4.9-d082ead69d94\srcs\extern\cryptopp\wın32\cryptlıb\release\pch.obj
c:\users\ademd\desktop\martysama0134-s3llsrcallv4.9-d082ead69d94\srcs\extern\cryptopp\wın32\cryptlıb\release\blowfısh.obj
c:\users\ademd\desktop\martysama0134-s3llsrcallv4.9-d082ead69d94\srcs\extern\cryptopp\wın32\cryptlıb\release\blake2-sımd.obj
c:\users\ademd\desktop\martysama0134-s3llsrcallv4.9-d082ead69d94\srcs\extern\cryptopp\wın32\cryptlıb\release\blake2.obj
c:\users\ademd\desktop\martysama0134-s3llsrcallv4.9-d082ead69d94\srcs\extern\cryptopp\wın32\cryptlıb\release\bfınıt.obj
c:\users\ademd\desktop\martysama0134-s3llsrcallv4.9-d082ead69d94\srcs\extern\cryptopp\wın32\cryptlıb\release\basecode.obj
c:\users\ademd\desktop\martysama0134-s3llsrcallv4.9-d082ead69d94\srcs\extern\cryptopp\wın32\cryptlıb\release\base64.obj
c:\users\ademd\desktop\martysama0134-s3llsrcallv4.9-d082ead69d94\srcs\extern\cryptopp\wın32\cryptlıb\release\base32.obj
c:\users\ademd\desktop\martysama0134-s3llsrcallv4.9-d082ead69d94\srcs\extern\cryptopp\wın32\cryptlıb\release\authenc.obj
c:\users\ademd\desktop\martysama0134-s3llsrcallv4.9-d082ead69d94\srcs\extern\cryptopp\wın32\cryptlıb\release\asn.obj
c:\users\ademd\desktop\martysama0134-s3llsrcallv4.9-d082ead69d94\srcs\extern\cryptopp\wın32\cryptlıb\release\arıatab.obj
c:\users\ademd\desktop\martysama0134-s3llsrcallv4.9-d082ead69d94\srcs\extern\cryptopp\wın32\cryptlıb\release\arıa-sımd.obj
c:\users\ademd\desktop\martysama0134-s3llsrcallv4.9-d082ead69d94\srcs\extern\cryptopp\wın32\cryptlıb\release\arıa.obj
c:\users\ademd\desktop\martysama0134-s3llsrcallv4.9-d082ead69d94\srcs\extern\cryptopp\wın32\cryptlıb\release\arc4.obj
c:\users\ademd\desktop\martysama0134-s3llsrcallv4.9-d082ead69d94\srcs\extern\cryptopp\wın32\cryptlıb\release\algparam.obj
c:\users\ademd\desktop\martysama0134-s3llsrcallv4.9-d082ead69d94\srcs\extern\cryptopp\wın32\cryptlıb\release\algebra.obj
c:\users\ademd\desktop\martysama0134-s3llsrcallv4.9-d082ead69d94\srcs\extern\cryptopp\wın32\cryptlıb\release\adler32.obj
c:\users\ademd\desktop\martysama0134-s3llsrcallv4.9-d082ead69d94\srcs\extern\cryptopp\wın32\cryptlıb\release\3way.obj
c:\users\ademd\desktop\martysama0134-s3llsrcallv4.9-d082ead69d94\srcs\extern\cryptopp\wın32\cryptlıb\release\ınteger.obj
c:\users\ademd\desktop\martysama0134-s3llsrcallv4.9-d082ead69d94\srcs\extern\cryptopp\wın32\cryptlıb\release\cpu.obj
c:\users\ademd\desktop\martysama0134-s3llsrcallv4.9-d082ead69d94\srcs\extern\cryptopp\wın32\cryptlıb\release\cryptlıb.obj
c:\users\ademd\desktop\martysama0134-s3llsrcallv4.9-d082ead69d94\srcs\extern\cryptopp\wın32\cryptlıb\release\ecp.obj
c:\users\ademd\desktop\martysama0134-s3llsrcallv4.9-d082ead69d94\srcs\extern\cryptopp\wın32\cryptlıb\release\ec2n.obj
c:\users\ademd\desktop\martysama0134-s3llsrcallv4.9-d082ead69d94\srcs\extern\cryptopp\wın32\cryptlıb\release\eax.obj
c:\users\ademd\desktop\martysama0134-s3llsrcallv4.9-d082ead69d94\srcs\extern\cryptopp\wın32\cryptlıb\release\dsa.obj
c:\users\ademd\desktop\martysama0134-s3llsrcallv4.9-d082ead69d94\srcs\extern\cryptopp\wın32\cryptlıb\release\dh2.obj
c:\users\ademd\desktop\martysama0134-s3llsrcallv4.9-d082ead69d94\srcs\extern\cryptopp\wın32\cryptlıb\release\dh.obj
c:\users\ademd\desktop\martysama0134-s3llsrcallv4.9-d082ead69d94\srcs\extern\cryptopp\wın32\cryptlıb\release\dessp.obj
c:\users\ademd\desktop\martysama0134-s3llsrcallv4.9-d082ead69d94\srcs\extern\cryptopp\wın32\cryptlıb\release\des.obj
c:\users\ademd\desktop\martysama0134-s3llsrcallv4.9-d082ead69d94\srcs\extern\cryptopp\wın32\cryptlıb\release\default.obj
c:\users\ademd\desktop\martysama0134-s3llsrcallv4.9-d082ead69d94\srcs\extern\cryptopp\wın32\cryptlıb\release\crc-sımd.obj
c:\users\ademd\desktop\martysama0134-s3llsrcallv4.9-d082ead69d94\srcs\extern\cryptopp\wın32\cryptlıb\release\crc.obj
c:\users\ademd\desktop\martysama0134-s3llsrcallv4.9-d082ead69d94\srcs\extern\cryptopp\wın32\cryptlıb\release\cmac.obj
c:\users\ademd\desktop\martysama0134-s3llsrcallv4.9-d082ead69d94\srcs\extern\cryptopp\wın32\cryptlıb\release\channels.obj
c:\users\ademd\desktop\martysama0134-s3llsrcallv4.9-d082ead69d94\srcs\extern\cryptopp\wın32\cryptlıb\release\chacha.obj
c:\users\ademd\desktop\martysama0134-s3llsrcallv4.9-d082ead69d94\srcs\extern\cryptopp\wın32\cryptlıb\release\ccm.obj
c:\users\ademd\desktop\martysama0134-s3llsrcallv4.9-d082ead69d94\srcs\extern\cryptopp\wın32\cryptlıb\release\cbcmac.obj
c:\users\ademd\desktop\martysama0134-s3llsrcallv4.9-d082ead69d94\srcs\extern\cryptopp\wın32\cryptlıb\release\casts.obj
c:\users\ademd\desktop\martysama0134-s3llsrcallv4.9-d082ead69d94\srcs\extern\cryptopp\wın32\cryptlıb\release\cast.obj
c:\users\ademd\desktop\martysama0134-s3llsrcallv4.9-d082ead69d94\srcs\extern\cryptopp\wın32\cryptlıb\release\camellıa.obj
c:\users\ademd\desktop\martysama0134-s3llsrcallv4.9-d082ead69d94\srcs\extern\cryptopp\wın32\cryptlıb\release\blumshub.obj
c:\users\ademd\desktop\martysama0134-s3llsrcallv4.9-d082ead69d94\srcs\extern\cryptopp\wın32\cryptlıb\release\ıdea.obj
c:\users\ademd\desktop\martysama0134-s3llsrcallv4.9-d082ead69d94\srcs\extern\cryptopp\wın32\cryptlıb\release\ıda.obj
c:\users\ademd\desktop\martysama0134-s3llsrcallv4.9-d082ead69d94\srcs\extern\cryptopp\wın32\cryptlıb\release\hrtımer.obj
c:\users\ademd\desktop\martysama0134-s3llsrcallv4.9-d082ead69d94\srcs\extern\cryptopp\wın32\cryptlıb\release\hmac.obj
c:\users\ademd\desktop\martysama0134-s3llsrcallv4.9-d082ead69d94\srcs\extern\cryptopp\wın32\cryptlıb\release\hex.obj
c:\users\ademd\desktop\martysama0134-s3llsrcallv4.9-d082ead69d94\srcs\extern\cryptopp\wın32\cryptlıb\release\gzıp.obj
c:\users\ademd\desktop\martysama0134-s3llsrcallv4.9-d082ead69d94\srcs\extern\cryptopp\wın32\cryptlıb\release\gost.obj
c:\users\ademd\desktop\martysama0134-s3llsrcallv4.9-d082ead69d94\srcs\extern\cryptopp\wın32\cryptlıb\release\gfpcrypt.obj
c:\users\ademd\desktop\martysama0134-s3llsrcallv4.9-d082ead69d94\srcs\extern\cryptopp\wın32\cryptlıb\release\gf2n.obj
c:\users\ademd\desktop\martysama0134-s3llsrcallv4.9-d082ead69d94\srcs\extern\cryptopp\wın32\cryptlıb\release\gf2_32.obj
c:\users\ademd\desktop\martysama0134-s3llsrcallv4.9-d082ead69d94\srcs\extern\cryptopp\wın32\cryptlıb\release\gf256.obj
c:\users\ademd\desktop\martysama0134-s3llsrcallv4.9-d082ead69d94\srcs\extern\cryptopp\wın32\cryptlıb\release\gcm-sımd.obj
c:\users\ademd\desktop\martysama0134-s3llsrcallv4.9-d082ead69d94\srcs\extern\cryptopp\wın32\cryptlıb\release\gcm.obj
c:\users\ademd\desktop\martysama0134-s3llsrcallv4.9-d082ead69d94\srcs\extern\cryptopp\wın32\cryptlıb\release\fıpstest.obj
c:\users\ademd\desktop\martysama0134-s3llsrcallv4.9-d082ead69d94\srcs\extern\cryptopp\wın32\cryptlıb\release\fıps140.obj
c:\users\ademd\desktop\martysama0134-s3llsrcallv4.9-d082ead69d94\srcs\extern\cryptopp\wın32\cryptlıb\release\fılters.obj
c:\users\ademd\desktop\martysama0134-s3llsrcallv4.9-d082ead69d94\srcs\extern\cryptopp\wın32\cryptlıb\release\fıles.obj
c:\users\ademd\desktop\martysama0134-s3llsrcallv4.9-d082ead69d94\srcs\extern\cryptopp\wın32\cryptlıb\release\esıgn.obj
c:\users\ademd\desktop\martysama0134-s3llsrcallv4.9-d082ead69d94\srcs\extern\cryptopp\wın32\cryptlıb\release\emsa2.obj
c:\users\ademd\desktop\martysama0134-s3llsrcallv4.9-d082ead69d94\srcs\extern\cryptopp\wın32\cryptlıb\release\elgamal.obj
c:\users\ademd\desktop\martysama0134-s3llsrcallv4.9-d082ead69d94\srcs\extern\cryptopp\wın32\cryptlıb\release\pkcspad.obj
c:\users\ademd\desktop\martysama0134-s3llsrcallv4.9-d082ead69d94\srcs\extern\cryptopp\wın32\cryptlıb\release\panama.obj
c:\users\ademd\desktop\martysama0134-s3llsrcallv4.9-d082ead69d94\srcs\extern\cryptopp\wın32\cryptlıb\release\padlkrng.obj
c:\users\ademd\desktop\martysama0134-s3llsrcallv4.9-d082ead69d94\srcs\extern\cryptopp\wın32\cryptlıb\release\osrng.obj
c:\users\ademd\desktop\martysama0134-s3llsrcallv4.9-d082ead69d94\srcs\extern\cryptopp\wın32\cryptlıb\release\oaep.obj
c:\users\ademd\desktop\martysama0134-s3llsrcallv4.9-d082ead69d94\srcs\extern\cryptopp\wın32\cryptlıb\release\network.obj
c:\users\ademd\desktop\martysama0134-s3llsrcallv4.9-d082ead69d94\srcs\extern\cryptopp\wın32\cryptlıb\release\nbtheory.obj
c:\users\ademd\desktop\martysama0134-s3llsrcallv4.9-d082ead69d94\srcs\extern\cryptopp\wın32\cryptlıb\release\mqv.obj
c:\users\ademd\desktop\martysama0134-s3llsrcallv4.9-d082ead69d94\srcs\extern\cryptopp\wın32\cryptlıb\release\mqueue.obj
c:\users\ademd\desktop\martysama0134-s3llsrcallv4.9-d082ead69d94\srcs\extern\cryptopp\wın32\cryptlıb\release\modes.obj
c:\users\ademd\desktop\martysama0134-s3llsrcallv4.9-d082ead69d94\srcs\extern\cryptopp\wın32\cryptlıb\release\mısc.obj
c:\users\ademd\desktop\martysama0134-s3llsrcallv4.9-d082ead69d94\srcs\extern\cryptopp\wın32\cryptlıb\release\md5.obj
c:\users\ademd\desktop\martysama0134-s3llsrcallv4.9-d082ead69d94\srcs\extern\cryptopp\wın32\cryptlıb\release\md4.obj
c:\users\ademd\desktop\martysama0134-s3llsrcallv4.9-d082ead69d94\srcs\extern\cryptopp\wın32\cryptlıb\release\md2.obj
c:\users\ademd\desktop\martysama0134-s3llsrcallv4.9-d082ead69d94\srcs\extern\cryptopp\wın32\cryptlıb\release\marss.obj
c:\users\ademd\desktop\martysama0134-s3llsrcallv4.9-d082ead69d94\srcs\extern\cryptopp\wın32\cryptlıb\release\mars.obj
c:\users\ademd\desktop\martysama0134-s3llsrcallv4.9-d082ead69d94\srcs\extern\cryptopp\wın32\cryptlıb\release\luc.obj
c:\users\ademd\desktop\martysama0134-s3llsrcallv4.9-d082ead69d94\srcs\extern\cryptopp\wın32\cryptlıb\release\keccak.obj
c:\users\ademd\desktop\martysama0134-s3llsrcallv4.9-d082ead69d94\srcs\extern\cryptopp\wın32\cryptlıb\release\kalynatab.obj
c:\users\ademd\desktop\martysama0134-s3llsrcallv4.9-d082ead69d94\srcs\extern\cryptopp\wın32\cryptlıb\release\kalyna.obj
c:\users\ademd\desktop\martysama0134-s3llsrcallv4.9-d082ead69d94\srcs\extern\cryptopp\wın32\cryptlıb\release\salsa.obj
c:\users\ademd\desktop\martysama0134-s3llsrcallv4.9-d082ead69d94\srcs\extern\cryptopp\wın32\cryptlıb\release\safer.obj
c:\users\ademd\desktop\martysama0134-s3llsrcallv4.9-d082ead69d94\srcs\extern\cryptopp\wın32\cryptlıb\release\rw.obj
c:\users\ademd\desktop\martysama0134-s3llsrcallv4.9-d082ead69d94\srcs\extern\cryptopp\wın32\cryptlıb\release\rsa.obj
c:\users\ademd\desktop\martysama0134-s3llsrcallv4.9-d082ead69d94\srcs\extern\cryptopp\wın32\cryptlıb\release\rng.obj
c:\users\ademd\desktop\martysama0134-s3llsrcallv4.9-d082ead69d94\srcs\extern\cryptopp\wın32\cryptlıb\release\rıpemd.obj
c:\users\ademd\desktop\martysama0134-s3llsrcallv4.9-d082ead69d94\srcs\extern\cryptopp\wın32\cryptlıb\release\rıjndael-sımd.obj
c:\users\ademd\desktop\martysama0134-s3llsrcallv4.9-d082ead69d94\srcs\extern\cryptopp\wın32\cryptlıb\release\rıjndael.obj
c:\users\ademd\desktop\martysama0134-s3llsrcallv4.9-d082ead69d94\srcs\extern\cryptopp\wın32\cryptlıb\release\rdtables.obj
c:\users\ademd\desktop\martysama0134-s3llsrcallv4.9-d082ead69d94\srcs\extern\cryptopp\wın32\cryptlıb\release\rdrand.obj
c:\users\ademd\desktop\martysama0134-s3llsrcallv4.9-d082ead69d94\srcs\extern\cryptopp\wın32\cryptlıb\release\rc6.obj
c:\users\ademd\desktop\martysama0134-s3llsrcallv4.9-d082ead69d94\srcs\extern\cryptopp\wın32\cryptlıb\release\rc5.obj
c:\users\ademd\desktop\martysama0134-s3llsrcallv4.9-d082ead69d94\srcs\extern\cryptopp\wın32\cryptlıb\release\rc2.obj
c:\users\ademd\desktop\martysama0134-s3llsrcallv4.9-d082ead69d94\srcs\extern\cryptopp\wın32\cryptlıb\release\randpool.obj
c:\users\ademd\desktop\martysama0134-s3llsrcallv4.9-d082ead69d94\srcs\extern\cryptopp\wın32\cryptlıb\release\rabın.obj
c:\users\ademd\desktop\martysama0134-s3llsrcallv4.9-d082ead69d94\srcs\extern\cryptopp\wın32\cryptlıb\release\queue.obj
c:\users\ademd\desktop\martysama0134-s3llsrcallv4.9-d082ead69d94\srcs\extern\cryptopp\wın32\cryptlıb\release\pubkey.obj
c:\users\ademd\desktop\martysama0134-s3llsrcallv4.9-d082ead69d94\srcs\extern\cryptopp\wın32\cryptlıb\release\pssr.obj
c:\users\ademd\desktop\martysama0134-s3llsrcallv4.9-d082ead69d94\srcs\extern\cryptopp\wın32\cryptlıb\release\polynomı.obj
c:\users\ademd\desktop\martysama0134-s3llsrcallv4.9-d082ead69d94\srcs\extern\cryptopp\wın32\cryptlıb\release\poly1305.obj
c:\users\ademd\desktop\martysama0134-s3llsrcallv4.9-d082ead69d94\srcs\extern\cryptopp\wın32\cryptlıb\release\speck.obj
c:\users\ademd\desktop\martysama0134-s3llsrcallv4.9-d082ead69d94\srcs\extern\cryptopp\wın32\cryptlıb\release\sosemanuk.obj
c:\users\ademd\desktop\martysama0134-s3llsrcallv4.9-d082ead69d94\srcs\extern\cryptopp\wın32\cryptlıb\release\socketft.obj
c:\users\ademd\desktop\martysama0134-s3llsrcallv4.9-d082ead69d94\srcs\extern\cryptopp\wın32\cryptlıb\release\sm4.obj
c:\users\ademd\desktop\martysama0134-s3llsrcallv4.9-d082ead69d94\srcs\extern\cryptopp\wın32\cryptlıb\release\sm3.obj
c:\users\ademd\desktop\martysama0134-s3llsrcallv4.9-d082ead69d94\srcs\extern\cryptopp\wın32\cryptlıb\release\skıpjack.obj
c:\users\ademd\desktop\martysama0134-s3llsrcallv4.9-d082ead69d94\srcs\extern\cryptopp\wın32\cryptlıb\release\sımple.obj
c:\users\ademd\desktop\martysama0134-s3llsrcallv4.9-d082ead69d94\srcs\extern\cryptopp\wın32\cryptlıb\release\sımon-sımd.obj
c:\users\ademd\desktop\martysama0134-s3llsrcallv4.9-d082ead69d94\srcs\extern\cryptopp\wın32\cryptlıb\release\sımon.obj
c:\users\ademd\desktop\martysama0134-s3llsrcallv4.9-d082ead69d94\srcs\extern\cryptopp\wın32\cryptlıb\release\sharkbox.obj
c:\users\ademd\desktop\martysama0134-s3llsrcallv4.9-d082ead69d94\srcs\extern\cryptopp\wın32\cryptlıb\release\shark.obj
c:\users\ademd\desktop\martysama0134-s3llsrcallv4.9-d082ead69d94\srcs\extern\cryptopp\wın32\cryptlıb\release\shacal2-sımd.obj
c:\users\ademd\desktop\martysama0134-s3llsrcallv4.9-d082ead69d94\srcs\extern\cryptopp\wın32\cryptlıb\release\shacal2.obj
c:\users\ademd\desktop\martysama0134-s3llsrcallv4.9-d082ead69d94\srcs\extern\cryptopp\wın32\cryptlıb\release\sha3.obj
c:\users\ademd\desktop\martysama0134-s3llsrcallv4.9-d082ead69d94\srcs\extern\cryptopp\wın32\cryptlıb\release\sha-sımd.obj
c:\users\ademd\desktop\martysama0134-s3llsrcallv4.9-d082ead69d94\srcs\extern\cryptopp\wın32\cryptlıb\release\sha.obj
c:\users\ademd\desktop\martysama0134-s3llsrcallv4.9-d082ead69d94\srcs\extern\cryptopp\wın32\cryptlıb\release\serpent.obj
c:\users\ademd\desktop\martysama0134-s3llsrcallv4.9-d082ead69d94\srcs\extern\cryptopp\wın32\cryptlıb\release\seed.obj
c:\users\ademd\desktop\martysama0134-s3llsrcallv4.9-d082ead69d94\srcs\extern\cryptopp\wın32\cryptlıb\release\seal.obj
c:\users\ademd\desktop\martysama0134-s3llsrcallv4.9-d082ead69d94\srcs\extern\cryptopp\wın32\cryptlıb\release\scrypt.obj
c:\users\ademd\desktop\martysama0134-s3llsrcallv4.9-d082ead69d94\srcs\extern\cryptopp\wın32\cryptlıb\release\xtr.obj
c:\users\ademd\desktop\martysama0134-s3llsrcallv4.9-d082ead69d94\srcs\extern\cryptopp\wın32\cryptlıb\release\wınpıpes.obj
c:\users\ademd\desktop\martysama0134-s3llsrcallv4.9-d082ead69d94\srcs\extern\cryptopp\wın32\cryptlıb\release\whrlpool.obj
c:\users\ademd\desktop\martysama0134-s3llsrcallv4.9-d082ead69d94\srcs\extern\cryptopp\wın32\cryptlıb\release\wake.obj
c:\users\ademd\desktop\martysama0134-s3llsrcallv4.9-d082ead69d94\srcs\extern\cryptopp\wın32\cryptlıb\release\waıt.obj
c:\users\ademd\desktop\martysama0134-s3llsrcallv4.9-d082ead69d94\srcs\extern\cryptopp\wın32\cryptlıb\release\vmac.obj
c:\users\ademd\desktop\martysama0134-s3llsrcallv4.9-d082ead69d94\srcs\extern\cryptopp\wın32\cryptlıb\release\twofısh.obj
c:\users\ademd\desktop\martysama0134-s3llsrcallv4.9-d082ead69d94\srcs\extern\cryptopp\wın32\cryptlıb\release\tweetnacl.obj
c:\users\ademd\desktop\martysama0134-s3llsrcallv4.9-d082ead69d94\srcs\extern\cryptopp\wın32\cryptlıb\release\ttmac.obj
c:\users\ademd\desktop\martysama0134-s3llsrcallv4.9-d082ead69d94\srcs\extern\cryptopp\wın32\cryptlıb\release\trdlocal.obj
c:\users\ademd\desktop\martysama0134-s3llsrcallv4.9-d082ead69d94\srcs\extern\cryptopp\wın32\cryptlıb\release\tıgertab.obj
c:\users\ademd\desktop\martysama0134-s3llsrcallv4.9-d082ead69d94\srcs\extern\cryptopp\wın32\cryptlıb\release\tıger.obj
c:\users\ademd\desktop\martysama0134-s3llsrcallv4.9-d082ead69d94\srcs\extern\cryptopp\wın32\cryptlıb\release\threefısh.obj
c:\users\ademd\desktop\martysama0134-s3llsrcallv4.9-d082ead69d94\srcs\extern\cryptopp\wın32\cryptlıb\release\tftables.obj
c:\users\ademd\desktop\martysama0134-s3llsrcallv4.9-d082ead69d94\srcs\extern\cryptopp\wın32\cryptlıb\release\tea.obj
c:\users\ademd\desktop\martysama0134-s3llsrcallv4.9-d082ead69d94\srcs\extern\cryptopp\wın32\cryptlıb\release\strcıphr.obj
c:\users\ademd\desktop\martysama0134-s3llsrcallv4.9-d082ead69d94\srcs\extern\cryptopp\wın32\cryptlıb\release\sse-sımd.obj
c:\users\ademd\desktop\martysama0134-s3llsrcallv4.9-d082ead69d94\srcs\extern\cryptopp\wın32\cryptlıb\release\squaretb.obj
c:\users\ademd\desktop\martysama0134-s3llsrcallv4.9-d082ead69d94\srcs\extern\cryptopp\wın32\cryptlıb\release\square.obj
c:\users\ademd\desktop\martysama0134-s3llsrcallv4.9-d082ead69d94\srcs\extern\cryptopp\wın32\cryptlıb\release\speck-sımd.obj
c:\users\ademd\desktop\martysama0134-s3llsrcallv4.9-d082ead69d94\srcs\extern\cryptopp\wın32\cryptlıb\release\zlıb.obj
c:\users\ademd\desktop\martysama0134-s3llsrcallv4.9-d082ead69d94\srcs\extern\cryptopp\wın32\cryptlıb\release\zınflate.obj
c:\users\ademd\desktop\martysama0134-s3llsrcallv4.9-d082ead69d94\srcs\extern\cryptopp\wın32\cryptlıb\release\zdeflate.obj
c:\users\ademd\desktop\martysama0134-s3llsrcallv4.9-d082ead69d94\srcs\extern\cryptopp\wın32\cryptlıb\release\xtrcrypt.obj
c:\users\ademd\desktop\martysama0134-s3llsrcallv4.9-d082ead69d94\srcs\extern\cryptopp\wın32\cryptlıb\release\ıterhash.obj
c:\users\ademd\desktop\martysama0134-s3llsrcallv4.9-d082ead69d94\srcs\extern\cryptopp\wın32\cryptlıb\release\dll.obj
c:\users\ademd\desktop\martysama0134-s3llsrcallv4.9-d082ead69d94\srcs\extern\cryptopp\adhoc.cpp.copıed
c:\users\ademd\desktop\martysama0134-s3llsrcallv4.9-d082ead69d94\srcs\extern\cryptopp\wın32\cryptlıb\release\rdrand-x86.obj
c:\users\ademd\desktop\martysama0134-s3llsrcallv4.9-d082ead69d94\srcs\extern\lıb\cryptlıb-release.lıb
c:\users\ademd\desktop\martysama0134-s3llsrcallv4.9-d082ead69d94\srcs\extern\cryptopp\win32\cryptlib\release\3way.obj
c:\users\ademd\desktop\martysama0134-s3llsrcallv4.9-d082ead69d94\srcs\extern\cryptopp\win32\cryptlib\release\adler32.obj
c:\users\ademd\desktop\martysama0134-s3llsrcallv4.9-d082ead69d94\srcs\extern\cryptopp\win32\cryptlib\release\algebra.obj
c:\users\ademd\desktop\martysama0134-s3llsrcallv4.9-d082ead69d94\srcs\extern\cryptopp\win32\cryptlib\release\algparam.obj
c:\users\ademd\desktop\martysama0134-s3llsrcallv4.9-d082ead69d94\srcs\extern\cryptopp\win32\cryptlib\release\arc4.obj
c:\users\ademd\desktop\martysama0134-s3llsrcallv4.9-d082ead69d94\srcs\extern\cryptopp\win32\cryptlib\release\aria-simd.obj
c:\users\ademd\desktop\martysama0134-s3llsrcallv4.9-d082ead69d94\srcs\extern\cryptopp\win32\cryptlib\release\aria.obj
c:\users\ademd\desktop\martysama0134-s3llsrcallv4.9-d082ead69d94\srcs\extern\cryptopp\win32\cryptlib\release\ariatab.obj
c:\users\ademd\desktop\martysama0134-s3llsrcallv4.9-d082ead69d94\srcs\extern\cryptopp\win32\cryptlib\release\asn.obj
c:\users\ademd\desktop\martysama0134-s3llsrcallv4.9-d082ead69d94\srcs\extern\cryptopp\win32\cryptlib\release\authenc.obj
c:\users\ademd\desktop\martysama0134-s3llsrcallv4.9-d082ead69d94\srcs\extern\cryptopp\win32\cryptlib\release\base32.obj
c:\users\ademd\desktop\martysama0134-s3llsrcallv4.9-d082ead69d94\srcs\extern\cryptopp\win32\cryptlib\release\base64.obj
c:\users\ademd\desktop\martysama0134-s3llsrcallv4.9-d082ead69d94\srcs\extern\cryptopp\win32\cryptlib\release\basecode.obj
c:\users\ademd\desktop\martysama0134-s3llsrcallv4.9-d082ead69d94\srcs\extern\cryptopp\win32\cryptlib\release\bfinit.obj
c:\users\ademd\desktop\martysama0134-s3llsrcallv4.9-d082ead69d94\srcs\extern\cryptopp\win32\cryptlib\release\blake2-simd.obj
c:\users\ademd\desktop\martysama0134-s3llsrcallv4.9-d082ead69d94\srcs\extern\cryptopp\win32\cryptlib\release\blake2.obj
c:\users\ademd\desktop\martysama0134-s3llsrcallv4.9-d082ead69d94\srcs\extern\cryptopp\win32\cryptlib\release\blowfish.obj
c:\users\ademd\desktop\martysama0134-s3llsrcallv4.9-d082ead69d94\srcs\extern\cryptopp\win32\cryptlib\release\blumshub.obj
c:\users\ademd\desktop\martysama0134-s3llsrcallv4.9-d082ead69d94\srcs\extern\cryptopp\win32\cryptlib\release\camellia.obj
c:\users\ademd\desktop\martysama0134-s3llsrcallv4.9-d082ead69d94\srcs\extern\cryptopp\win32\cryptlib\release\cast.obj
c:\users\ademd\desktop\martysama0134-s3llsrcallv4.9-d082ead69d94\srcs\extern\cryptopp\win32\cryptlib\release\casts.obj
c:\users\ademd\desktop\martysama0134-s3llsrcallv4.9-d082ead69d94\srcs\extern\cryptopp\win32\cryptlib\release\cbcmac.obj
c:\users\ademd\desktop\martysama0134-s3llsrcallv4.9-d082ead69d94\srcs\extern\cryptopp\win32\cryptlib\release\ccm.obj
c:\users\ademd\desktop\martysama0134-s3llsrcallv4.9-d082ead69d94\srcs\extern\cryptopp\win32\cryptlib\release\chacha.obj
c:\users\ademd\desktop\martysama0134-s3llsrcallv4.9-d082ead69d94\srcs\extern\cryptopp\win32\cryptlib\release\channels.obj
c:\users\ademd\desktop\martysama0134-s3llsrcallv4.9-d082ead69d94\srcs\extern\cryptopp\win32\cryptlib\release\cmac.obj
c:\users\ademd\desktop\martysama0134-s3llsrcallv4.9-d082ead69d94\srcs\extern\cryptopp\win32\cryptlib\release\cpu.obj
c:\users\ademd\desktop\martysama0134-s3llsrcallv4.9-d082ead69d94\srcs\extern\cryptopp\win32\cryptlib\release\crc-simd.obj
c:\users\ademd\desktop\martysama0134-s3llsrcallv4.9-d082ead69d94\srcs\extern\cryptopp\win32\cryptlib\release\crc.obj
c:\users\ademd\desktop\martysama0134-s3llsrcallv4.9-d082ead69d94\srcs\extern\cryptopp\win32\cryptlib\release\cryptlib.obj
c:\users\ademd\desktop\martysama0134-s3llsrcallv4.9-d082ead69d94\srcs\extern\cryptopp\win32\cryptlib\release\default.obj
c:\users\ademd\desktop\martysama0134-s3llsrcallv4.9-d082ead69d94\srcs\extern\cryptopp\win32\cryptlib\release\des.obj
c:\users\ademd\desktop\martysama0134-s3llsrcallv4.9-d082ead69d94\srcs\extern\cryptopp\win32\cryptlib\release\dessp.obj
c:\users\ademd\desktop\martysama0134-s3llsrcallv4.9-d082ead69d94\srcs\extern\cryptopp\win32\cryptlib\release\dh.obj
c:\users\ademd\desktop\martysama0134-s3llsrcallv4.9-d082ead69d94\srcs\extern\cryptopp\win32\cryptlib\release\dh2.obj
c:\users\ademd\desktop\martysama0134-s3llsrcallv4.9-d082ead69d94\srcs\extern\cryptopp\win32\cryptlib\release\dll.obj
c:\users\ademd\desktop\martysama0134-s3llsrcallv4.9-d082ead69d94\srcs\extern\cryptopp\win32\cryptlib\release\dsa.obj
c:\users\ademd\desktop\martysama0134-s3llsrcallv4.9-d082ead69d94\srcs\extern\cryptopp\win32\cryptlib\release\eax.obj
c:\users\ademd\desktop\martysama0134-s3llsrcallv4.9-d082ead69d94\srcs\extern\cryptopp\win32\cryptlib\release\ec2n.obj
c:\users\ademd\desktop\martysama0134-s3llsrcallv4.9-d082ead69d94\srcs\extern\cryptopp\win32\cryptlib\release\ecp.obj
c:\users\ademd\desktop\martysama0134-s3llsrcallv4.9-d082ead69d94\srcs\extern\cryptopp\win32\cryptlib\release\elgamal.obj
c:\users\ademd\desktop\martysama0134-s3llsrcallv4.9-d082ead69d94\srcs\extern\cryptopp\win32\cryptlib\release\emsa2.obj
c:\users\ademd\desktop\martysama0134-s3llsrcallv4.9-d082ead69d94\srcs\extern\cryptopp\win32\cryptlib\release\esign.obj
c:\users\ademd\desktop\martysama0134-s3llsrcallv4.9-d082ead69d94\srcs\extern\cryptopp\win32\cryptlib\release\files.obj
c:\users\ademd\desktop\martysama0134-s3llsrcallv4.9-d082ead69d94\srcs\extern\cryptopp\win32\cryptlib\release\filters.obj
c:\users\ademd\desktop\martysama0134-s3llsrcallv4.9-d082ead69d94\srcs\extern\cryptopp\win32\cryptlib\release\fips140.obj
c:\users\ademd\desktop\martysama0134-s3llsrcallv4.9-d082ead69d94\srcs\extern\cryptopp\win32\cryptlib\release\fipstest.obj
c:\users\ademd\desktop\martysama0134-s3llsrcallv4.9-d082ead69d94\srcs\extern\cryptopp\win32\cryptlib\release\gcm-simd.obj
c:\users\ademd\desktop\martysama0134-s3llsrcallv4.9-d082ead69d94\srcs\extern\cryptopp\win32\cryptlib\release\gcm.obj
c:\users\ademd\desktop\martysama0134-s3llsrcallv4.9-d082ead69d94\srcs\extern\cryptopp\win32\cryptlib\release\gf256.obj
c:\users\ademd\desktop\martysama0134-s3llsrcallv4.9-d082ead69d94\srcs\extern\cryptopp\win32\cryptlib\release\gf2n.obj
c:\users\ademd\desktop\martysama0134-s3llsrcallv4.9-d082ead69d94\srcs\extern\cryptopp\win32\cryptlib\release\gf2_32.obj
c:\users\ademd\desktop\martysama0134-s3llsrcallv4.9-d082ead69d94\srcs\extern\cryptopp\win32\cryptlib\release\gfpcrypt.obj
c:\users\ademd\desktop\martysama0134-s3llsrcallv4.9-d082ead69d94\srcs\extern\cryptopp\win32\cryptlib\release\gost.obj
c:\users\ademd\desktop\martysama0134-s3llsrcallv4.9-d082ead69d94\srcs\extern\cryptopp\win32\cryptlib\release\gzip.obj
c:\users\ademd\desktop\martysama0134-s3llsrcallv4.9-d082ead69d94\srcs\extern\cryptopp\win32\cryptlib\release\hex.obj
c:\users\ademd\desktop\martysama0134-s3llsrcallv4.9-d082ead69d94\srcs\extern\cryptopp\win32\cryptlib\release\hmac.obj
c:\users\ademd\desktop\martysama0134-s3llsrcallv4.9-d082ead69d94\srcs\extern\cryptopp\win32\cryptlib\release\hrtimer.obj
c:\users\ademd\desktop\martysama0134-s3llsrcallv4.9-d082ead69d94\srcs\extern\cryptopp\win32\cryptlib\release\ida.obj
c:\users\ademd\desktop\martysama0134-s3llsrcallv4.9-d082ead69d94\srcs\extern\cryptopp\win32\cryptlib\release\idea.obj
c:\users\ademd\desktop\martysama0134-s3llsrcallv4.9-d082ead69d94\srcs\extern\cryptopp\win32\cryptlib\release\integer.obj
c:\users\ademd\desktop\martysama0134-s3llsrcallv4.9-d082ead69d94\srcs\extern\cryptopp\win32\cryptlib\release\iterhash.obj
c:\users\ademd\desktop\martysama0134-s3llsrcallv4.9-d082ead69d94\srcs\extern\cryptopp\win32\cryptlib\release\kalyna.obj
c:\users\ademd\desktop\martysama0134-s3llsrcallv4.9-d082ead69d94\srcs\extern\cryptopp\win32\cryptlib\release\kalynatab.obj
c:\users\ademd\desktop\martysama0134-s3llsrcallv4.9-d082ead69d94\srcs\extern\cryptopp\win32\cryptlib\release\keccak.obj
c:\users\ademd\desktop\martysama0134-s3llsrcallv4.9-d082ead69d94\srcs\extern\cryptopp\win32\cryptlib\release\luc.obj
c:\users\ademd\desktop\martysama0134-s3llsrcallv4.9-d082ead69d94\srcs\extern\cryptopp\win32\cryptlib\release\mars.obj
c:\users\ademd\desktop\martysama0134-s3llsrcallv4.9-d082ead69d94\srcs\extern\cryptopp\win32\cryptlib\release\marss.obj
c:\users\ademd\desktop\martysama0134-s3llsrcallv4.9-d082ead69d94\srcs\extern\cryptopp\win32\cryptlib\release\md2.obj
c:\users\ademd\desktop\martysama0134-s3llsrcallv4.9-d082ead69d94\srcs\extern\cryptopp\win32\cryptlib\release\md4.obj
c:\users\ademd\desktop\martysama0134-s3llsrcallv4.9-d082ead69d94\srcs\extern\cryptopp\win32\cryptlib\release\md5.obj
c:\users\ademd\desktop\martysama0134-s3llsrcallv4.9-d082ead69d94\srcs\extern\cryptopp\win32\cryptlib\release\misc.obj
c:\users\ademd\desktop\martysama0134-s3llsrcallv4.9-d082ead69d94\srcs\extern\cryptopp\win32\cryptlib\release\modes.obj
c:\users\ademd\desktop\martysama0134-s3llsrcallv4.9-d082ead69d94\srcs\extern\cryptopp\win32\cryptlib\release\mqueue.obj
c:\users\ademd\desktop\martysama0134-s3llsrcallv4.9-d082ead69d94\srcs\extern\cryptopp\win32\cryptlib\release\mqv.obj
c:\users\ademd\desktop\martysama0134-s3llsrcallv4.9-d082ead69d94\srcs\extern\cryptopp\win32\cryptlib\release\nbtheory.obj
c:\users\ademd\desktop\martysama0134-s3llsrcallv4.9-d082ead69d94\srcs\extern\cryptopp\win32\cryptlib\release\network.obj
c:\users\ademd\desktop\martysama0134-s3llsrcallv4.9-d082ead69d94\srcs\extern\cryptopp\win32\cryptlib\release\oaep.obj
c:\users\ademd\desktop\martysama0134-s3llsrcallv4.9-d082ead69d94\srcs\extern\cryptopp\win32\cryptlib\release\osrng.obj
c:\users\ademd\desktop\martysama0134-s3llsrcallv4.9-d082ead69d94\srcs\extern\cryptopp\win32\cryptlib\release\padlkrng.obj
c:\users\ademd\desktop\martysama0134-s3llsrcallv4.9-d082ead69d94\srcs\extern\cryptopp\win32\cryptlib\release\panama.obj
c:\users\ademd\desktop\martysama0134-s3llsrcallv4.9-d082ead69d94\srcs\extern\cryptopp\win32\cryptlib\release\pch.obj
c:\users\ademd\desktop\martysama0134-s3llsrcallv4.9-d082ead69d94\srcs\extern\cryptopp\win32\cryptlib\release\pkcspad.obj
c:\users\ademd\desktop\martysama0134-s3llsrcallv4.9-d082ead69d94\srcs\extern\cryptopp\win32\cryptlib\release\poly1305.obj
c:\users\ademd\desktop\martysama0134-s3llsrcallv4.9-d082ead69d94\srcs\extern\cryptopp\win32\cryptlib\release\polynomi.obj
c:\users\ademd\desktop\martysama0134-s3llsrcallv4.9-d082ead69d94\srcs\extern\cryptopp\win32\cryptlib\release\pssr.obj
c:\users\ademd\desktop\martysama0134-s3llsrcallv4.9-d082ead69d94\srcs\extern\cryptopp\win32\cryptlib\release\pubkey.obj
c:\users\ademd\desktop\martysama0134-s3llsrcallv4.9-d082ead69d94\srcs\extern\cryptopp\win32\cryptlib\release\queue.obj
c:\users\ademd\desktop\martysama0134-s3llsrcallv4.9-d082ead69d94\srcs\extern\cryptopp\win32\cryptlib\release\rabin.obj
c:\users\ademd\desktop\martysama0134-s3llsrcallv4.9-d082ead69d94\srcs\extern\cryptopp\win32\cryptlib\release\randpool.obj
c:\users\ademd\desktop\martysama0134-s3llsrcallv4.9-d082ead69d94\srcs\extern\cryptopp\win32\cryptlib\release\rc2.obj
c:\users\ademd\desktop\martysama0134-s3llsrcallv4.9-d082ead69d94\srcs\extern\cryptopp\win32\cryptlib\release\rc5.obj
c:\users\ademd\desktop\martysama0134-s3llsrcallv4.9-d082ead69d94\srcs\extern\cryptopp\win32\cryptlib\release\rc6.obj
c:\users\ademd\desktop\martysama0134-s3llsrcallv4.9-d082ead69d94\srcs\extern\cryptopp\win32\cryptlib\release\rdrand-x86.obj
c:\users\ademd\desktop\martysama0134-s3llsrcallv4.9-d082ead69d94\srcs\extern\cryptopp\win32\cryptlib\release\rdrand.obj
c:\users\ademd\desktop\martysama0134-s3llsrcallv4.9-d082ead69d94\srcs\extern\cryptopp\win32\cryptlib\release\rdtables.obj
c:\users\ademd\desktop\martysama0134-s3llsrcallv4.9-d082ead69d94\srcs\extern\cryptopp\win32\cryptlib\release\rijndael-simd.obj
c:\users\ademd\desktop\martysama0134-s3llsrcallv4.9-d082ead69d94\srcs\extern\cryptopp\win32\cryptlib\release\rijndael.obj
c:\users\ademd\desktop\martysama0134-s3llsrcallv4.9-d082ead69d94\srcs\extern\cryptopp\win32\cryptlib\release\ripemd.obj
c:\users\ademd\desktop\martysama0134-s3llsrcallv4.9-d082ead69d94\srcs\extern\cryptopp\win32\cryptlib\release\rng.obj
c:\users\ademd\desktop\martysama0134-s3llsrcallv4.9-d082ead69d94\srcs\extern\cryptopp\win32\cryptlib\release\rsa.obj
c:\users\ademd\desktop\martysama0134-s3llsrcallv4.9-d082ead69d94\srcs\extern\cryptopp\win32\cryptlib\release\rw.obj
c:\users\ademd\desktop\martysama0134-s3llsrcallv4.9-d082ead69d94\srcs\extern\cryptopp\win32\cryptlib\release\safer.obj
c:\users\ademd\desktop\martysama0134-s3llsrcallv4.9-d082ead69d94\srcs\extern\cryptopp\win32\cryptlib\release\salsa.obj
c:\users\ademd\desktop\martysama0134-s3llsrcallv4.9-d082ead69d94\srcs\extern\cryptopp\win32\cryptlib\release\scrypt.obj
c:\users\ademd\desktop\martysama0134-s3llsrcallv4.9-d082ead69d94\srcs\extern\cryptopp\win32\cryptlib\release\seal.obj
c:\users\ademd\desktop\martysama0134-s3llsrcallv4.9-d082ead69d94\srcs\extern\cryptopp\win32\cryptlib\release\seed.obj
c:\users\ademd\desktop\martysama0134-s3llsrcallv4.9-d082ead69d94\srcs\extern\cryptopp\win32\cryptlib\release\serpent.obj
c:\users\ademd\desktop\martysama0134-s3llsrcallv4.9-d082ead69d94\srcs\extern\cryptopp\win32\cryptlib\release\sha-simd.obj
c:\users\ademd\desktop\martysama0134-s3llsrcallv4.9-d082ead69d94\srcs\extern\cryptopp\win32\cryptlib\release\sha.obj
c:\users\ademd\desktop\martysama0134-s3llsrcallv4.9-d082ead69d94\srcs\extern\cryptopp\win32\cryptlib\release\sha3.obj
c:\users\ademd\desktop\martysama0134-s3llsrcallv4.9-d082ead69d94\srcs\extern\cryptopp\win32\cryptlib\release\shacal2-simd.obj
c:\users\ademd\desktop\martysama0134-s3llsrcallv4.9-d082ead69d94\srcs\extern\cryptopp\win32\cryptlib\release\shacal2.obj
c:\users\ademd\desktop\martysama0134-s3llsrcallv4.9-d082ead69d94\srcs\extern\cryptopp\win32\cryptlib\release\shark.obj
c:\users\ademd\desktop\martysama0134-s3llsrcallv4.9-d082ead69d94\srcs\extern\cryptopp\win32\cryptlib\release\sharkbox.obj
c:\users\ademd\desktop\martysama0134-s3llsrcallv4.9-d082ead69d94\srcs\extern\cryptopp\win32\cryptlib\release\simon-simd.obj
c:\users\ademd\desktop\martysama0134-s3llsrcallv4.9-d082ead69d94\srcs\extern\cryptopp\win32\cryptlib\release\simon.obj
c:\users\ademd\desktop\martysama0134-s3llsrcallv4.9-d082ead69d94\srcs\extern\cryptopp\win32\cryptlib\release\simple.obj
c:\users\ademd\desktop\martysama0134-s3llsrcallv4.9-d082ead69d94\srcs\extern\cryptopp\win32\cryptlib\release\skipjack.obj
c:\users\ademd\desktop\martysama0134-s3llsrcallv4.9-d082ead69d94\srcs\extern\cryptopp\win32\cryptlib\release\sm3.obj
c:\users\ademd\desktop\martysama0134-s3llsrcallv4.9-d082ead69d94\srcs\extern\cryptopp\win32\cryptlib\release\sm4.obj
c:\users\ademd\desktop\martysama0134-s3llsrcallv4.9-d082ead69d94\srcs\extern\cryptopp\win32\cryptlib\release\socketft.obj
c:\users\ademd\desktop\martysama0134-s3llsrcallv4.9-d082ead69d94\srcs\extern\cryptopp\win32\cryptlib\release\sosemanuk.obj
c:\users\ademd\desktop\martysama0134-s3llsrcallv4.9-d082ead69d94\srcs\extern\cryptopp\win32\cryptlib\release\speck-simd.obj
c:\users\ademd\desktop\martysama0134-s3llsrcallv4.9-d082ead69d94\srcs\extern\cryptopp\win32\cryptlib\release\speck.obj
c:\users\ademd\desktop\martysama0134-s3llsrcallv4.9-d082ead69d94\srcs\extern\cryptopp\win32\cryptlib\release\square.obj
c:\users\ademd\desktop\martysama0134-s3llsrcallv4.9-d082ead69d94\srcs\extern\cryptopp\win32\cryptlib\release\squaretb.obj
c:\users\ademd\desktop\martysama0134-s3llsrcallv4.9-d082ead69d94\srcs\extern\cryptopp\win32\cryptlib\release\sse-simd.obj
c:\users\ademd\desktop\martysama0134-s3llsrcallv4.9-d082ead69d94\srcs\extern\cryptopp\win32\cryptlib\release\strciphr.obj
c:\users\ademd\desktop\martysama0134-s3llsrcallv4.9-d082ead69d94\srcs\extern\cryptopp\win32\cryptlib\release\tea.obj
c:\users\ademd\desktop\martysama0134-s3llsrcallv4.9-d082ead69d94\srcs\extern\cryptopp\win32\cryptlib\release\tftables.obj
c:\users\ademd\desktop\martysama0134-s3llsrcallv4.9-d082ead69d94\srcs\extern\cryptopp\win32\cryptlib\release\threefish.obj
c:\users\ademd\desktop\martysama0134-s3llsrcallv4.9-d082ead69d94\srcs\extern\cryptopp\win32\cryptlib\release\tiger.obj
c:\users\ademd\desktop\martysama0134-s3llsrcallv4.9-d082ead69d94\srcs\extern\cryptopp\win32\cryptlib\release\tigertab.obj
c:\users\ademd\desktop\martysama0134-s3llsrcallv4.9-d082ead69d94\srcs\extern\cryptopp\win32\cryptlib\release\trdlocal.obj
c:\users\ademd\desktop\martysama0134-s3llsrcallv4.9-d082ead69d94\srcs\extern\cryptopp\win32\cryptlib\release\ttmac.obj
c:\users\ademd\desktop\martysama0134-s3llsrcallv4.9-d082ead69d94\srcs\extern\cryptopp\win32\cryptlib\release\tweetnacl.obj
c:\users\ademd\desktop\martysama0134-s3llsrcallv4.9-d082ead69d94\srcs\extern\cryptopp\win32\cryptlib\release\twofish.obj
c:\users\ademd\desktop\martysama0134-s3llsrcallv4.9-d082ead69d94\srcs\extern\cryptopp\win32\cryptlib\release\vmac.obj
c:\users\ademd\desktop\martysama0134-s3llsrcallv4.9-d082ead69d94\srcs\extern\cryptopp\win32\cryptlib\release\wait.obj
c:\users\ademd\desktop\martysama0134-s3llsrcallv4.9-d082ead69d94\srcs\extern\cryptopp\win32\cryptlib\release\wake.obj
c:\users\ademd\desktop\martysama0134-s3llsrcallv4.9-d082ead69d94\srcs\extern\cryptopp\win32\cryptlib\release\whrlpool.obj
c:\users\ademd\desktop\martysama0134-s3llsrcallv4.9-d082ead69d94\srcs\extern\cryptopp\win32\cryptlib\release\winpipes.obj
c:\users\ademd\desktop\martysama0134-s3llsrcallv4.9-d082ead69d94\srcs\extern\cryptopp\win32\cryptlib\release\xtr.obj
c:\users\ademd\desktop\martysama0134-s3llsrcallv4.9-d082ead69d94\srcs\extern\cryptopp\win32\cryptlib\release\xtrcrypt.obj
c:\users\ademd\desktop\martysama0134-s3llsrcallv4.9-d082ead69d94\srcs\extern\cryptopp\win32\cryptlib\release\zdeflate.obj
c:\users\ademd\desktop\martysama0134-s3llsrcallv4.9-d082ead69d94\srcs\extern\cryptopp\win32\cryptlib\release\zinflate.obj
c:\users\ademd\desktop\martysama0134-s3llsrcallv4.9-d082ead69d94\srcs\extern\cryptopp\win32\cryptlib\release\zlib.obj
c:\users\ademd\desktop\martysama0134-s3llsrcallv4.9-d082ead69d94\srcs\extern\cryptopp\win32\cryptlib\release\cryptlib-release.pch
c:\users\ademd\desktop\martysama0134-s3llsrcallv4.9-d082ead69d94\srcs\extern\cryptopp\win32\cryptlib\release\cryptlib.pdb
c:\users\ademd\desktop\martysama0134-s3llsrcallv4.9-d082ead69d94\srcs\extern\cryptopp\\..\lib\cryptlib-release.lib
c:\users\ademd\desktop\martysama0134-s3llsrcallv4.9-d082ead69d94\srcs\extern\cryptopp\win32\cryptlib\release\cryptlib.tlog\cl.command.1.tlog
c:\users\ademd\desktop\martysama0134-s3llsrcallv4.9-d082ead69d94\srcs\extern\cryptopp\win32\cryptlib\release\cryptlib.tlog\cl.read.1.tlog
c:\users\ademd\desktop\martysama0134-s3llsrcallv4.9-d082ead69d94\srcs\extern\cryptopp\win32\cryptlib\release\cryptlib.tlog\cl.write.1.tlog
c:\users\ademd\desktop\martysama0134-s3llsrcallv4.9-d082ead69d94\srcs\extern\cryptopp\win32\cryptlib\release\cryptlib.tlog\custombuild.command.1.tlog
c:\users\ademd\desktop\martysama0134-s3llsrcallv4.9-d082ead69d94\srcs\extern\cryptopp\win32\cryptlib\release\cryptlib.tlog\custombuild.read.1.tlog
c:\users\ademd\desktop\martysama0134-s3llsrcallv4.9-d082ead69d94\srcs\extern\cryptopp\win32\cryptlib\release\cryptlib.tlog\custombuild.write.1.tlog
c:\users\ademd\desktop\martysama0134-s3llsrcallv4.9-d082ead69d94\srcs\extern\cryptopp\win32\cryptlib\release\cryptlib.tlog\lib-link.read.1.tlog
c:\users\ademd\desktop\martysama0134-s3llsrcallv4.9-d082ead69d94\srcs\extern\cryptopp\win32\cryptlib\release\cryptlib.tlog\lib-link.write.1.tlog
c:\users\ademd\desktop\martysama0134-s3llsrcallv4.9-d082ead69d94\srcs\extern\cryptopp\win32\cryptlib\release\cryptlib.tlog\lib.command.1.tlog
