c:\gamepackages\clıent\tools\patcher2017\eterpack\dıstrıbute\vc120.pdb
c:\gamepackages\clıent\tools\patcher2017\eterpack\dıstrıbute\stdafx.obj
c:\gamepackages\clıent\tools\patcher2017\eterpack\dıstrıbute\stdafx.cod
c:\gamepackages\clıent\tools\patcher2017\eterpack\dıstrıbute\eterpackpolıcy_cshybrıdcrypt.obj
c:\gamepackages\clıent\tools\patcher2017\eterpack\dıstrıbute\eterpackpolıcy_cshybrıdcrypt.cod
c:\gamepackages\clıent\tools\patcher2017\eterpack\dıstrıbute\eterpackmanager.obj
c:\gamepackages\clıent\tools\patcher2017\eterpack\dıstrıbute\eterpackmanager.cod
c:\gamepackages\clıent\tools\patcher2017\eterpack\dıstrıbute\eterpackcursor.obj
c:\gamepackages\clıent\tools\patcher2017\eterpack\dıstrıbute\eterpackcursor.cod
c:\gamepackages\clıent\tools\patcher2017\eterpack\dıstrıbute\eterpack.obj
c:\gamepackages\clıent\tools\patcher2017\eterpack\dıstrıbute\eterpack.cod
c:\gamepackages\clıent\tools\patcher2017\eterpack\dıstrıbute\md5.obj
c:\gamepackages\clıent\tools\patcher2017\eterpack\dıstrıbute\md5.cod
c:\gamepackages\clıent\tools\patcher2017\eterpack\dıstrıbute\eterpack.lıb
c:\gamepackages\client\tools\patcher2017\eterpack\distribute\eterpack.obj
c:\gamepackages\client\tools\patcher2017\eterpack\distribute\eterpackcursor.obj
c:\gamepackages\client\tools\patcher2017\eterpack\distribute\eterpackmanager.obj
c:\gamepackages\client\tools\patcher2017\eterpack\distribute\eterpackpolicy_cshybridcrypt.obj
c:\gamepackages\client\tools\patcher2017\eterpack\distribute\md5.obj
c:\gamepackages\client\tools\patcher2017\eterpack\distribute\stdafx.obj
c:\gamepackages\client\tools\patcher2017\eterpack\distribute\vc120.pdb
c:\gamepackages\client\tools\patcher2017\eterpack\.\distribute\eterpack.lib
c:\gamepackages\client\tools\patcher2017\eterpack\distribute\eterpack.tlog\cl.command.1.tlog
c:\gamepackages\client\tools\patcher2017\eterpack\distribute\eterpack.tlog\cl.read.1.tlog
c:\gamepackages\client\tools\patcher2017\eterpack\distribute\eterpack.tlog\cl.read.2.tlog
c:\gamepackages\client\tools\patcher2017\eterpack\distribute\eterpack.tlog\cl.read.3.tlog
c:\gamepackages\client\tools\patcher2017\eterpack\distribute\eterpack.tlog\cl.read.4.tlog
c:\gamepackages\client\tools\patcher2017\eterpack\distribute\eterpack.tlog\cl.read.5.tlog
c:\gamepackages\client\tools\patcher2017\eterpack\distribute\eterpack.tlog\cl.write.1.tlog
c:\gamepackages\client\tools\patcher2017\eterpack\distribute\eterpack.tlog\cl.write.3.tlog
c:\gamepackages\client\tools\patcher2017\eterpack\distribute\eterpack.tlog\cl.write.4.tlog
c:\gamepackages\client\tools\patcher2017\eterpack\distribute\eterpack.tlog\lib-link.read.1.tlog
c:\gamepackages\client\tools\patcher2017\eterpack\distribute\eterpack.tlog\lib-link.write.1.tlog
c:\gamepackages\client\tools\patcher2017\eterpack\distribute\eterpack.tlog\lib.command.1.tlog
