c:\gamepackages\clıent\tools\patcher2017\eterbase\dıstrıbute\vc120.pdb
c:\gamepackages\clıent\tools\patcher2017\eterbase\dıstrıbute\tımer.obj
c:\gamepackages\clıent\tools\patcher2017\eterbase\dıstrıbute\tımer.cod
c:\gamepackages\clıent\tools\patcher2017\eterbase\dıstrıbute\tempfıle.obj
c:\gamepackages\clıent\tools\patcher2017\eterbase\dıstrıbute\tempfıle.cod
c:\gamepackages\clıent\tools\patcher2017\eterbase\dıstrıbute\tea.obj
c:\gamepackages\clıent\tools\patcher2017\eterbase\dıstrıbute\tea.cod
c:\gamepackages\clıent\tools\patcher2017\eterbase\dıstrıbute\stl.obj
c:\gamepackages\clıent\tools\patcher2017\eterbase\dıstrıbute\stl.cod
c:\gamepackages\clıent\tools\patcher2017\eterbase\dıstrıbute\stdafx.obj
c:\gamepackages\clıent\tools\patcher2017\eterbase\dıstrıbute\stdafx.cod
c:\gamepackages\clıent\tools\patcher2017\eterbase\dıstrıbute\random.obj
c:\gamepackages\clıent\tools\patcher2017\eterbase\dıstrıbute\random.cod
c:\gamepackages\clıent\tools\patcher2017\eterbase\dıstrıbute\symtable.obj
c:\gamepackages\clıent\tools\patcher2017\eterbase\dıstrıbute\symtable.cod
c:\gamepackages\clıent\tools\patcher2017\eterbase\dıstrıbute\symbol.obj
c:\gamepackages\clıent\tools\patcher2017\eterbase\dıstrıbute\symbol.cod
c:\gamepackages\clıent\tools\patcher2017\eterbase\dıstrıbute\poly.obj
c:\gamepackages\clıent\tools\patcher2017\eterbase\dıstrıbute\poly.cod
c:\gamepackages\clıent\tools\patcher2017\eterbase\dıstrıbute\base.obj
c:\gamepackages\clıent\tools\patcher2017\eterbase\dıstrıbute\base.cod
c:\gamepackages\clıent\tools\patcher2017\eterbase\dıstrıbute\mappedfıle.obj
c:\gamepackages\clıent\tools\patcher2017\eterbase\dıstrıbute\mappedfıle.cod
c:\gamepackages\clıent\tools\patcher2017\eterbase\dıstrıbute\lzo.obj
c:\gamepackages\clıent\tools\patcher2017\eterbase\dıstrıbute\lzo.cod
c:\gamepackages\clıent\tools\patcher2017\eterbase\dıstrıbute\fıleloader.obj
c:\gamepackages\clıent\tools\patcher2017\eterbase\dıstrıbute\fıleloader.cod
c:\gamepackages\clıent\tools\patcher2017\eterbase\dıstrıbute\fıledır.obj
c:\gamepackages\clıent\tools\patcher2017\eterbase\dıstrıbute\fıledır.cod
c:\gamepackages\clıent\tools\patcher2017\eterbase\dıstrıbute\fılebase.obj
c:\gamepackages\clıent\tools\patcher2017\eterbase\dıstrıbute\fılebase.cod
c:\gamepackages\clıent\tools\patcher2017\eterbase\dıstrıbute\error.obj
c:\gamepackages\clıent\tools\patcher2017\eterbase\dıstrıbute\error.cod
c:\gamepackages\clıent\tools\patcher2017\eterbase\dıstrıbute\debug.obj
c:\gamepackages\clıent\tools\patcher2017\eterbase\dıstrıbute\debug.cod
c:\gamepackages\clıent\tools\patcher2017\eterbase\dıstrıbute\crc32.obj
c:\gamepackages\clıent\tools\patcher2017\eterbase\dıstrıbute\crc32.cod
c:\gamepackages\clıent\tools\patcher2017\eterbase\dıstrıbute\cpostıt.obj
c:\gamepackages\clıent\tools\patcher2017\eterbase\dıstrıbute\cpostıt.cod
c:\gamepackages\clıent\tools\patcher2017\eterbase\dıstrıbute\cıpher.obj
c:\gamepackages\clıent\tools\patcher2017\eterbase\dıstrıbute\cıpher.cod
c:\gamepackages\clıent\tools\patcher2017\eterbase\dıstrıbute\utıls.obj
c:\gamepackages\clıent\tools\patcher2017\eterbase\dıstrıbute\utıls.cod
c:\gamepackages\clıent\tools\patcher2017\eterbase\dıstrıbute\eterbase.lıb
c:\gamepackages\client\tools\patcher2017\eterbase\distribute\base.obj
c:\gamepackages\client\tools\patcher2017\eterbase\distribute\cipher.obj
c:\gamepackages\client\tools\patcher2017\eterbase\distribute\cpostıt.obj
c:\gamepackages\client\tools\patcher2017\eterbase\distribute\crc32.obj
c:\gamepackages\client\tools\patcher2017\eterbase\distribute\debug.obj
c:\gamepackages\client\tools\patcher2017\eterbase\distribute\error.obj
c:\gamepackages\client\tools\patcher2017\eterbase\distribute\filebase.obj
c:\gamepackages\client\tools\patcher2017\eterbase\distribute\filedir.obj
c:\gamepackages\client\tools\patcher2017\eterbase\distribute\fileloader.obj
c:\gamepackages\client\tools\patcher2017\eterbase\distribute\lzo.obj
c:\gamepackages\client\tools\patcher2017\eterbase\distribute\mappedfile.obj
c:\gamepackages\client\tools\patcher2017\eterbase\distribute\poly.obj
c:\gamepackages\client\tools\patcher2017\eterbase\distribute\random.obj
c:\gamepackages\client\tools\patcher2017\eterbase\distribute\stdafx.obj
c:\gamepackages\client\tools\patcher2017\eterbase\distribute\stl.obj
c:\gamepackages\client\tools\patcher2017\eterbase\distribute\symbol.obj
c:\gamepackages\client\tools\patcher2017\eterbase\distribute\symtable.obj
c:\gamepackages\client\tools\patcher2017\eterbase\distribute\tea.obj
c:\gamepackages\client\tools\patcher2017\eterbase\distribute\tempfile.obj
c:\gamepackages\client\tools\patcher2017\eterbase\distribute\timer.obj
c:\gamepackages\client\tools\patcher2017\eterbase\distribute\utils.obj
c:\gamepackages\client\tools\patcher2017\eterbase\distribute\vc120.pdb
c:\gamepackages\client\tools\patcher2017\eterbase\.\distribute\eterbase.lib
c:\gamepackages\client\tools\patcher2017\eterbase\distribute\eterbase.tlog\cl.command.1.tlog
c:\gamepackages\client\tools\patcher2017\eterbase\distribute\eterbase.tlog\cl.read.1.tlog
c:\gamepackages\client\tools\patcher2017\eterbase\distribute\eterbase.tlog\cl.read.2.tlog
c:\gamepackages\client\tools\patcher2017\eterbase\distribute\eterbase.tlog\cl.read.3.tlog
c:\gamepackages\client\tools\patcher2017\eterbase\distribute\eterbase.tlog\cl.read.4.tlog
c:\gamepackages\client\tools\patcher2017\eterbase\distribute\eterbase.tlog\cl.read.5.tlog
c:\gamepackages\client\tools\patcher2017\eterbase\distribute\eterbase.tlog\cl.write.1.tlog
c:\gamepackages\client\tools\patcher2017\eterbase\distribute\eterbase.tlog\lib-link.read.1.tlog
c:\gamepackages\client\tools\patcher2017\eterbase\distribute\eterbase.tlog\lib-link.write.1.tlog
c:\gamepackages\client\tools\patcher2017\eterbase\distribute\eterbase.tlog\lib.command.1.tlog
