  adler32.c
  compress.c
  crc32.c
  deflate.c
  gzio.c
..\..\gzio.c(131): warning C4996: 'strcpy': This function or variable may be unsafe. Consider using strcpy_s instead. To disable deprecation, use _CRT_SECURE_NO_WARNINGS. See online help for details.
..\..\gzio.c(181): warning C4996: 'fopen': This function or variable may be unsafe. Consider using fopen_s instead. To disable deprecation, use _CRT_SECURE_NO_WARNINGS. See online help for details.
          C:\Program Files (x86)\Microsoft Visual Studio 12.0\VC\include\stdio.h(211) : see declaration of 'fopen'
..\..\gzio.c(226): warning C4996: 'sprintf': This function or variable may be unsafe. Consider using sprintf_s instead. To disable deprecation, use _CRT_SECURE_NO_WARNINGS. See online help for details.
          C:\Program Files (x86)\Microsoft Visual Studio 12.0\VC\include\stdio.h(356) : see declaration of 'sprintf'
..\..\gzio.c(627): warning C4996: '_vsnprintf': This function or variable may be unsafe. Consider using _vsnprintf_s instead. To disable deprecation, use _CRT_SECURE_NO_WARNINGS. See online help for details.
          C:\Program Files (x86)\Microsoft Visual Studio 12.0\VC\include\stdio.h(346) : see declaration of '_vsnprintf'
..\..\gzio.c(1001): warning C4996: 'strerror': This function or variable may be unsafe. Consider using strerror_s instead. To disable deprecation, use _CRT_SECURE_NO_WARNINGS. See online help for details.
          C:\Program Files (x86)\Microsoft Visual Studio 12.0\VC\include\string.h(168) : see declaration of 'strerror'
..\..\gzio.c(1008): warning C4996: 'strcpy': This function or variable may be unsafe. Consider using strcpy_s instead. To disable deprecation, use _CRT_SECURE_NO_WARNINGS. See online help for details.
..\..\gzio.c(1009): warning C4996: 'strcat': This function or variable may be unsafe. Consider using strcat_s instead. To disable deprecation, use _CRT_SECURE_NO_WARNINGS. See online help for details.
..\..\gzio.c(1010): warning C4996: 'strcat': This function or variable may be unsafe. Consider using strcat_s instead. To disable deprecation, use _CRT_SECURE_NO_WARNINGS. See online help for details.
  infback.c
  inffast.c
  inflate.c
  inftrees.c
  trees.c
  uncompr.c
  zutil.c
  Generating Code...
LINK : warning LNK4068: /MACHINE not specified; defaulting to X86
  zlib.vcxproj -> C:\GamePackages\Client\Tools\zlib-1.2.3\projects\visualc6\.\Win32_LIB_Release\zlib.lib
