c:\gamepackages\clıent\tools\zlıb-1.2.3\projects\vısualc6\wın32_lıb_release\vc120.pdb
c:\gamepackages\clıent\tools\zlıb-1.2.3\projects\vısualc6\wın32_lıb_release\zutıl.obj
c:\gamepackages\clıent\tools\zlıb-1.2.3\projects\vısualc6\wın32_lıb_release\uncompr.obj
c:\gamepackages\clıent\tools\zlıb-1.2.3\projects\vısualc6\wın32_lıb_release\trees.obj
c:\gamepackages\clıent\tools\zlıb-1.2.3\projects\vısualc6\wın32_lıb_release\ınftrees.obj
c:\gamepackages\clıent\tools\zlıb-1.2.3\projects\vısualc6\wın32_lıb_release\ınflate.obj
c:\gamepackages\clıent\tools\zlıb-1.2.3\projects\vısualc6\wın32_lıb_release\ınffast.obj
c:\gamepackages\clıent\tools\zlıb-1.2.3\projects\vısualc6\wın32_lıb_release\ınfback.obj
c:\gamepackages\clıent\tools\zlıb-1.2.3\projects\vısualc6\wın32_lıb_release\gzıo.obj
c:\gamepackages\clıent\tools\zlıb-1.2.3\projects\vısualc6\wın32_lıb_release\deflate.obj
c:\gamepackages\clıent\tools\zlıb-1.2.3\projects\vısualc6\wın32_lıb_release\crc32.obj
c:\gamepackages\clıent\tools\zlıb-1.2.3\projects\vısualc6\wın32_lıb_release\compress.obj
c:\gamepackages\clıent\tools\zlıb-1.2.3\projects\vısualc6\wın32_lıb_release\adler32.obj
c:\gamepackages\clıent\tools\zlıb-1.2.3\projects\vısualc6\wın32_lıb_release\zlıb.lıb
c:\gamepackages\clıent\tools\zlıb-1.2.3\projects\vısualc6\wın32_lıb_release\zlıb1.res
c:\gamepackages\client\tools\zlib-1.2.3\projects\visualc6\win32_lıb_release\adler32.obj
c:\gamepackages\client\tools\zlib-1.2.3\projects\visualc6\win32_lıb_release\compress.obj
c:\gamepackages\client\tools\zlib-1.2.3\projects\visualc6\win32_lıb_release\crc32.obj
c:\gamepackages\client\tools\zlib-1.2.3\projects\visualc6\win32_lıb_release\deflate.obj
c:\gamepackages\client\tools\zlib-1.2.3\projects\visualc6\win32_lıb_release\gzio.obj
c:\gamepackages\client\tools\zlib-1.2.3\projects\visualc6\win32_lıb_release\infback.obj
c:\gamepackages\client\tools\zlib-1.2.3\projects\visualc6\win32_lıb_release\inffast.obj
c:\gamepackages\client\tools\zlib-1.2.3\projects\visualc6\win32_lıb_release\inflate.obj
c:\gamepackages\client\tools\zlib-1.2.3\projects\visualc6\win32_lıb_release\inftrees.obj
c:\gamepackages\client\tools\zlib-1.2.3\projects\visualc6\win32_lıb_release\trees.obj
c:\gamepackages\client\tools\zlib-1.2.3\projects\visualc6\win32_lıb_release\uncompr.obj
c:\gamepackages\client\tools\zlib-1.2.3\projects\visualc6\win32_lıb_release\zutil.obj
c:\gamepackages\client\tools\zlib-1.2.3\projects\visualc6\win32_lıb_release\zlib1.res
c:\gamepackages\client\tools\zlib-1.2.3\projects\visualc6\win32_lıb_release\vc120.pdb
c:\gamepackages\client\tools\zlib-1.2.3\projects\visualc6\.\win32_lıb_release\zlib.lib
c:\gamepackages\client\tools\zlib-1.2.3\projects\visualc6\win32_lıb_release\zlib.tlog\cl.command.1.tlog
c:\gamepackages\client\tools\zlib-1.2.3\projects\visualc6\win32_lıb_release\zlib.tlog\cl.read.1.tlog
c:\gamepackages\client\tools\zlib-1.2.3\projects\visualc6\win32_lıb_release\zlib.tlog\cl.write.1.tlog
c:\gamepackages\client\tools\zlib-1.2.3\projects\visualc6\win32_lıb_release\zlib.tlog\lib-link-cvtres.read.1.tlog
c:\gamepackages\client\tools\zlib-1.2.3\projects\visualc6\win32_lıb_release\zlib.tlog\lib-link-cvtres.write.1.tlog
c:\gamepackages\client\tools\zlib-1.2.3\projects\visualc6\win32_lıb_release\zlib.tlog\lib.command.1.tlog
c:\gamepackages\client\tools\zlib-1.2.3\projects\visualc6\win32_lıb_release\zlib.tlog\rc.command.1.tlog
c:\gamepackages\client\tools\zlib-1.2.3\projects\visualc6\win32_lıb_release\zlib.tlog\rc.read.1.tlog
c:\gamepackages\client\tools\zlib-1.2.3\projects\visualc6\win32_lıb_release\zlib.tlog\rc.write.1.tlog
